# JRE version: Java(TM) SE Runtime Environment (8.0_181-b13) (build 1.8.0_181-b13)
# Java VM: Java HotSpot(TM) 64-Bit Server VM (25.181-b13 mixed mode windows-amd64 compressed oops)
Heap:
 PSYoungGen      total 532992K, used 28511K [0x00000000d5a00000, 0x00000000ff100000, 0x0000000100000000)
  eden space 490496K, 2% used [0x00000000d5a00000,0x00000000d64e0130,0x00000000f3900000)
  from space 42496K, 40% used [0x00000000f3900000,0x00000000f49f7c50,0x00000000f6280000)
  to   space 40448K, 0% used [0x00000000fc980000,0x00000000fc980000,0x00000000ff100000)
 ParOldGen       total 210432K, used 116721K [0x0000000080e00000, 0x000000008db80000, 0x00000000d5a00000)
  object space 210432K, 55% used [0x0000000080e00000,0x0000000087ffc7e0,0x000000008db80000)
 Metaspace       used 42524K, capacity 42953K, committed 43264K, reserved 1087488K
  class space    used 5694K, capacity 5876K, committed 5888K, reserved 1048576K
GC Heap History (10 events):
Event: 9.888 GC heap before
{Heap before GC invocations=15 (full 2):
 PSYoungGen      total 306176K, used 284823K [0x00000000d5a00000, 0x00000000ea780000, 0x0000000100000000)
  eden space 276992K, 100% used [0x00000000d5a00000,0x00000000e6880000,0x00000000e6880000)
  from space 29184K, 26% used [0x00000000e8b00000,0x00000000e92a5f18,0x00000000ea780000)
  to   space 32256K, 0% used [0x00000000e6880000,0x00000000e6880000,0x00000000e8800000)
 ParOldGen       total 116736K, used 55345K [0x0000000080e00000, 0x0000000088000000, 0x00000000d5a00000)
  object space 116736K, 47% used [0x0000000080e00000,0x000000008440c7b0,0x0000000088000000)
 Metaspace       used 26040K, capacity 26402K, committed 26624K, reserved 1073152K
  class space    used 3402K, capacity 3524K, committed 3584K, reserved 1048576K
Event: 9.927 GC heap after
Heap after GC invocations=15 (full 2):
 PSYoungGen      total 309248K, used 17701K [0x00000000d5a00000, 0x00000000f0800000, 0x0000000100000000)
  eden space 276992K, 0% used [0x00000000d5a00000,0x00000000d5a00000,0x00000000e6880000)
  from space 32256K, 54% used [0x00000000e6880000,0x00000000e79c9638,0x00000000e8800000)
  to   space 31744K, 0% used [0x00000000ee900000,0x00000000ee900000,0x00000000f0800000)
 ParOldGen       total 116736K, used 60500K [0x0000000080e00000, 0x0000000088000000, 0x00000000d5a00000)
  object space 116736K, 51% used [0x0000000080e00000,0x0000000084915088,0x0000000088000000)
 Metaspace       used 26040K, capacity 26402K, committed 26624K, reserved 1073152K
  class space    used 3402K, capacity 3524K, committed 3584K, reserved 1048576K
}
Event: 10.955 GC heap before
{Heap before GC invocations=16 (full 2):
 PSYoungGen      total 309248K, used 294693K [0x00000000d5a00000, 0x00000000f0800000, 0x0000000100000000)
  eden space 276992K, 100% used [0x00000000d5a00000,0x00000000e6880000,0x00000000e6880000)
  from space 32256K, 54% used [0x00000000e6880000,0x00000000e79c9638,0x00000000e8800000)
  to   space 31744K, 0% used [0x00000000ee900000,0x00000000ee900000,0x00000000f0800000)
 ParOldGen       total 116736K, used 60500K [0x0000000080e00000, 0x0000000088000000, 0x00000000d5a00000)
  object space 116736K, 51% used [0x0000000080e00000,0x0000000084915088,0x0000000088000000)
 Metaspace       used 28904K, capacity 29218K, committed 29568K, reserved 1075200K
  class space    used 3986K, capacity 4100K, committed 4224K, reserved 1048576K
Event: 10.975 GC heap after
Heap after GC invocations=16 (full 2):
 PSYoungGen      total 403456K, used 11044K [0x00000000d5a00000, 0x00000000f0480000, 0x0000000100000000)
  eden space 375296K, 0% used [0x00000000d5a00000,0x00000000d5a00000,0x00000000ec880000)
  from space 28160K, 39% used [0x00000000ee900000,0x00000000ef3c9290,0x00000000f0480000)
  to   space 30720K, 0% used [0x00000000ec880000,0x00000000ec880000,0x00000000ee680000)
 ParOldGen       total 116736K, used 76319K [0x0000000080e00000, 0x0000000088000000, 0x00000000d5a00000)
  object space 116736K, 65% used [0x0000000080e00000,0x0000000085887e28,0x0000000088000000)
 Metaspace       used 28904K, capacity 29218K, committed 29568K, reserved 1075200K
  class space    used 3986K, capacity 4100K, committed 4224K, reserved 1048576K
}
Event: 13.268 GC heap before
{Heap before GC invocations=17 (full 2):
 PSYoungGen      total 403456K, used 386340K [0x00000000d5a00000, 0x00000000f0480000, 0x0000000100000000)
  eden space 375296K, 100% used [0x00000000d5a00000,0x00000000ec880000,0x00000000ec880000)
  from space 28160K, 39% used [0x00000000ee900000,0x00000000ef3c9290,0x00000000f0480000)
  to   space 30720K, 0% used [0x00000000ec880000,0x00000000ec880000,0x00000000ee680000)
 ParOldGen       total 116736K, used 76319K [0x0000000080e00000, 0x0000000088000000, 0x00000000d5a00000)
  object space 116736K, 65% used [0x0000000080e00000,0x0000000085887e28,0x0000000088000000)
 Metaspace       used 34779K, capacity 35127K, committed 35456K, reserved 1079296K
  class space    used 4720K, capacity 4867K, committed 4992K, reserved 1048576K
Event: 13.296 GC heap after
Heap after GC invocations=17 (full 2):
 PSYoungGen      total 406016K, used 20405K [0x00000000d5a00000, 0x00000000f8100000, 0x0000000100000000)
  eden space 375296K, 0% used [0x00000000d5a00000,0x00000000d5a00000,0x00000000ec880000)
  from space 30720K, 66% used [0x00000000ec880000,0x00000000edc6d4a0,0x00000000ee680000)
  to   space 31232K, 0% used [0x00000000f6280000,0x00000000f6280000,0x00000000f8100000)
 ParOldGen       total 116736K, used 83727K [0x0000000080e00000, 0x0000000088000000, 0x00000000d5a00000)
  object space 116736K, 71% used [0x0000000080e00000,0x0000000085fc3f10,0x0000000088000000)
 Metaspace       used 34779K, capacity 35127K, committed 35456K, reserved 1079296K
  class space    used 4720K, capacity 4867K, committed 4992K, reserved 1048576K
}
Event: 15.252 GC heap before
{Heap before GC invocations=18 (full 2):
 PSYoungGen      total 406016K, used 327150K [0x00000000d5a00000, 0x00000000f8100000, 0x0000000100000000)
  eden space 375296K, 81% used [0x00000000d5a00000,0x00000000e858e6c8,0x00000000ec880000)
  from space 30720K, 66% used [0x00000000ec880000,0x00000000edc6d4a0,0x00000000ee680000)
  to   space 31232K, 0% used [0x00000000f6280000,0x00000000f6280000,0x00000000f8100000)
 ParOldGen       total 116736K, used 83727K [0x0000000080e00000, 0x0000000088000000, 0x00000000d5a00000)
  object space 116736K, 71% used [0x0000000080e00000,0x0000000085fc3f10,0x0000000088000000)
 Metaspace       used 37150K, capacity 37461K, committed 37696K, reserved 1081344K
  class space    used 5030K, capacity 5178K, committed 5248K, reserved 1048576K
Event: 15.294 GC heap after
Heap after GC invocations=18 (full 2):
 PSYoungGen      total 521728K, used 31211K [0x00000000d5a00000, 0x00000000f9800000, 0x0000000100000000)
  eden space 490496K, 0% used [0x00000000d5a00000,0x00000000d5a00000,0x00000000f3900000)
  from space 31232K, 99% used [0x00000000f6280000,0x00000000f80fade8,0x00000000f8100000)
  to   space 42496K, 0% used [0x00000000f3900000,0x00000000f3900000,0x00000000f6280000)
 ParOldGen       total 116736K, used 102306K [0x0000000080e00000, 0x0000000088000000, 0x00000000d5a00000)
  object space 116736K, 87% used [0x0000000080e00000,0x00000000871e8b58,0x0000000088000000)
 Metaspace       used 37150K, capacity 37461K, committed 37696K, reserved 1081344K
  class space    used 5030K, capacity 5178K, committed 5248K, reserved 1048576K
}
Event: 15.294 GC heap before
{Heap before GC invocations=19 (full 3):
 PSYoungGen      total 521728K, used 31211K [0x00000000d5a00000, 0x00000000f9800000, 0x0000000100000000)
  eden space 490496K, 0% used [0x00000000d5a00000,0x00000000d5a00000,0x00000000f3900000)
  from space 31232K, 99% used [0x00000000f6280000,0x00000000f80fade8,0x00000000f8100000)
  to   space 42496K, 0% used [0x00000000f3900000,0x00000000f3900000,0x00000000f6280000)
 ParOldGen       total 116736K, used 102306K [0x0000000080e00000, 0x0000000088000000, 0x00000000d5a00000)
  object space 116736K, 87% used [0x0000000080e00000,0x00000000871e8b58,0x0000000088000000)
 Metaspace       used 37150K, capacity 37461K, committed 37696K, reserved 1081344K
  class space    used 5030K, capacity 5178K, committed 5248K, reserved 1048576K
Event: 15.613 GC heap after
Heap after GC invocations=19 (full 3):
 PSYoungGen      total 521728K, used 8188K [0x00000000d5a00000, 0x00000000f9800000, 0x0000000100000000)
  eden space 490496K, 0% used [0x00000000d5a00000,0x00000000d5a00000,0x00000000f3900000)
  from space 31232K, 26% used [0x00000000f6280000,0x00000000f6a7f3b8,0x00000000f8100000)
  to   space 42496K, 0% used [0x00000000f3900000,0x00000000f3900000,0x00000000f6280000)
 ParOldGen       total 210432K, used 116354K [0x0000000080e00000, 0x000000008db80000, 0x00000000d5a00000)
  object space 210432K, 55% used [0x0000000080e00000,0x0000000087fa0ba0,0x000000008db80000)
 Metaspace       used 37150K, capacity 37461K, committed 37696K, reserved 1081344K
  class space    used 5030K, capacity 5178K, committed 5248K, reserved 1048576K
}

